[debug] [2025-03-02T17:34:34.237Z] ----------------------------------------------------------------------
[debug] [2025-03-02T17:34:34.239Z] Command:       C:\Program Files\nodejs\node.exe C:\Users\david\AppData\Roaming\npm\node_modules\firebase-tools\lib\bin\firebase.js deploy
[debug] [2025-03-02T17:34:34.240Z] CLI Version:   13.10.2
[debug] [2025-03-02T17:34:34.240Z] Platform:      win32
[debug] [2025-03-02T17:34:34.240Z] Node Version:  v20.11.1
[debug] [2025-03-02T17:34:34.240Z] Time:          Sun Mar 02 2025 18:34:34 GMT+0100 (Ora standard dell’Europa centrale)
[debug] [2025-03-02T17:34:34.240Z] ----------------------------------------------------------------------
[debug] 
[debug] [2025-03-02T17:34:34.243Z] >>> [apiv2][query] GET https://firebase-public.firebaseio.com/cli.json [none]
[debug] [2025-03-02T17:34:34.349Z] > command requires scopes: ["email","openid","https://www.googleapis.com/auth/cloudplatformprojects.readonly","https://www.googleapis.com/auth/firebase","https://www.googleapis.com/auth/cloud-platform"]
[debug] [2025-03-02T17:34:34.350Z] > authorizing via signed-in user (davide98parrini@gmail.com)
[debug] [2025-03-02T17:34:34.350Z] [iam] checking project merchants-of-magick for permissions ["firebase.projects.get","firebasehosting.sites.update"]
[debug] [2025-03-02T17:34:34.351Z] > refreshing access token with scopes: []
[debug] [2025-03-02T17:34:34.352Z] >>> [apiv2][query] POST https://www.googleapis.com/oauth2/v3/token [none]
[debug] [2025-03-02T17:34:34.352Z] >>> [apiv2][body] POST https://www.googleapis.com/oauth2/v3/token [omitted]
[debug] [2025-03-02T17:34:34.472Z] <<< [apiv2][status] POST https://www.googleapis.com/oauth2/v3/token 400
[debug] [2025-03-02T17:34:34.472Z] <<< [apiv2][body] POST https://www.googleapis.com/oauth2/v3/token [omitted]
[debug] [2025-03-02T17:34:34.472Z] >>> [apiv2][query] POST https://cloudresourcemanager.googleapis.com/v1/projects/merchants-of-magick:testIamPermissions [none]
[debug] [2025-03-02T17:34:34.472Z] >>> [apiv2][(partial)header] POST https://cloudresourcemanager.googleapis.com/v1/projects/merchants-of-magick:testIamPermissions x-goog-quota-user=projects/merchants-of-magick
[debug] [2025-03-02T17:34:34.472Z] >>> [apiv2][body] POST https://cloudresourcemanager.googleapis.com/v1/projects/merchants-of-magick:testIamPermissions {"permissions":["firebase.projects.get","firebasehosting.sites.update"]}
[debug] [2025-03-02T17:34:34.648Z] <<< [apiv2][status] GET https://firebase-public.firebaseio.com/cli.json 200
[debug] [2025-03-02T17:34:34.648Z] <<< [apiv2][body] GET https://firebase-public.firebaseio.com/cli.json {"cloudBuildErrorAfter":1594252800000,"cloudBuildWarnAfter":1590019200000,"defaultNode10After":1594252800000,"minVersion":"3.0.5","node8DeploysDisabledAfter":1613390400000,"node8RuntimeDisabledAfter":1615809600000,"node8WarnAfter":1600128000000}
[debug] [2025-03-02T17:34:35.234Z] <<< [apiv2][status] POST https://cloudresourcemanager.googleapis.com/v1/projects/merchants-of-magick:testIamPermissions 401
[debug] [2025-03-02T17:34:35.234Z] <<< [apiv2][body] POST https://cloudresourcemanager.googleapis.com/v1/projects/merchants-of-magick:testIamPermissions {"error":{"code":401,"message":"Request had invalid authentication credentials. Expected OAuth 2 access token, login cookie or other valid authentication credential. See https://developers.google.com/identity/sign-in/web/devconsole-project.","status":"UNAUTHENTICATED","details":[{"@type":"type.googleapis.com/google.rpc.ErrorInfo","reason":"ACCESS_TOKEN_TYPE_UNSUPPORTED","metadata":{"service":"cloudresourcemanager.googleapis.com","method":"google.cloudresourcemanager.v1.Projects.TestIamPermissions"}}]}}
[debug] [2025-03-02T17:34:35.235Z] [iam] error while checking permissions, command may fail: FirebaseError: HTTP Error: 401, Request had invalid authentication credentials. Expected OAuth 2 access token, login cookie or other valid authentication credential. See https://developers.google.com/identity/sign-in/web/devconsole-project.
[debug] [2025-03-02T17:34:35.235Z] > refreshing access token with scopes: []
[debug] [2025-03-02T17:34:35.236Z] >>> [apiv2][query] POST https://www.googleapis.com/oauth2/v3/token [none]
[debug] [2025-03-02T17:34:35.236Z] >>> [apiv2][body] POST https://www.googleapis.com/oauth2/v3/token [omitted]
[debug] [2025-03-02T17:34:35.286Z] <<< [apiv2][status] POST https://www.googleapis.com/oauth2/v3/token 400
[debug] [2025-03-02T17:34:35.286Z] <<< [apiv2][body] POST https://www.googleapis.com/oauth2/v3/token [omitted]
[debug] [2025-03-02T17:34:35.287Z] >>> [apiv2][query] GET https://firebase.googleapis.com/v1beta1/projects/merchants-of-magick [none]
[debug] [2025-03-02T17:34:35.394Z] <<< [apiv2][status] GET https://firebase.googleapis.com/v1beta1/projects/merchants-of-magick 401
[debug] [2025-03-02T17:34:35.394Z] <<< [apiv2][body] GET https://firebase.googleapis.com/v1beta1/projects/merchants-of-magick {"error":{"code":401,"message":"Request had invalid authentication credentials. Expected OAuth 2 access token, login cookie or other valid authentication credential. See https://developers.google.com/identity/sign-in/web/devconsole-project.","status":"UNAUTHENTICATED"}}
[debug] [2025-03-02T17:34:35.394Z] HTTP Error: 401, Request had invalid authentication credentials. Expected OAuth 2 access token, login cookie or other valid authentication credential. See https://developers.google.com/identity/sign-in/web/devconsole-project.
[error] 
[error] Error: Assertion failed: resolving hosting target of a site with no site name or target name. This should have caused an error earlier
